<?xml version="1.0" encoding="UTF-8"?>
<testng-results ignored="0" total="6" passed="6" failed="0" skipped="0">
  <reporter-output>
  </reporter-output>
  <suite started-at="2023-08-14T18:37:24 EET" name="EncryptionTEST" finished-at="2023-08-14T18:38:59 EET" duration-ms="94665">
    <groups>
    </groups>
    <test started-at="2023-08-14T18:37:24 EET" name="D:/Backward_Web_23_7" finished-at="2023-08-14T18:38:59 EET" duration-ms="94665">
      <class name="Tests.EncryptionToolsTest">
        <test-method is-config="true" signature="SetUpEnvironment()[pri:0, instance:Tests.EncryptionToolsTest@51e5fc98]" started-at="2023-08-14T18:37:16 EET" name="SetUpEnvironment" finished-at="2023-08-14T18:37:24 EET" duration-ms="8587" status="PASS">
          <reporter-output>
          </reporter-output>
        </test-method> <!-- SetUpEnvironment -->
        <test-method signature="successful_text_encryption()[pri:1, instance:Tests.EncryptionToolsTest@51e5fc98]" started-at="2023-08-14T18:37:24 EET" name="successful_text_encryption" finished-at="2023-08-14T18:37:43 EET" duration-ms="19039" status="PASS">
          <reporter-output>
          </reporter-output>
        </test-method> <!-- successful_text_encryption -->
        <test-method is-config="true" signature="screenshotOnFailure(org.testng.ITestResult)[pri:0, instance:Tests.EncryptionToolsTest@51e5fc98]" started-at="2023-08-14T18:37:43 EET" name="screenshotOnFailure" finished-at="2023-08-14T18:37:43 EET" duration-ms="6" status="PASS">
          <params>
            <param index="0">
              <value>
                <![CDATA[[TestResult name=successful_text_encryption status=SUCCESS method=EncryptionToolsTest.successful_text_encryption()[pri:1, instance:Tests.EncryptionToolsTest@51e5fc98] output={null}]]]>
              </value>
            </param>
          </params>
          <reporter-output>
          </reporter-output>
        </test-method> <!-- screenshotOnFailure -->
        <test-method signature="Successful_Video_Encryption()[pri:2, instance:Tests.EncryptionToolsTest@51e5fc98]" started-at="2023-08-14T18:37:43 EET" name="Successful_Video_Encryption" finished-at="2023-08-14T18:37:55 EET" depends-on-methods="Tests.EncryptionToolsTest.successful_text_encryption" duration-ms="11205" status="PASS">
          <reporter-output>
          </reporter-output>
        </test-method> <!-- Successful_Video_Encryption -->
        <test-method is-config="true" signature="screenshotOnFailure(org.testng.ITestResult)[pri:0, instance:Tests.EncryptionToolsTest@51e5fc98]" started-at="2023-08-14T18:37:55 EET" name="screenshotOnFailure" finished-at="2023-08-14T18:37:55 EET" duration-ms="0" status="PASS">
          <params>
            <param index="0">
              <value>
                <![CDATA[[TestResult name=Successful_Video_Encryption status=SUCCESS method=EncryptionToolsTest.Successful_Video_Encryption()[pri:2, instance:Tests.EncryptionToolsTest@51e5fc98] output={null}]]]>
              </value>
            </param>
          </params>
          <reporter-output>
          </reporter-output>
        </test-method> <!-- screenshotOnFailure -->
        <test-method signature="successful_text_decryption_owner_with_noKey()[pri:3, instance:Tests.EncryptionToolsTest@51e5fc98]" started-at="2023-08-14T18:37:55 EET" name="successful_text_decryption_owner_with_noKey" finished-at="2023-08-14T18:38:20 EET" depends-on-methods="Tests.EncryptionToolsTest.Successful_Video_Encryption" duration-ms="25433" status="PASS">
          <reporter-output>
          </reporter-output>
        </test-method> <!-- successful_text_decryption_owner_with_noKey -->
        <test-method is-config="true" signature="screenshotOnFailure(org.testng.ITestResult)[pri:0, instance:Tests.EncryptionToolsTest@51e5fc98]" started-at="2023-08-14T18:38:20 EET" name="screenshotOnFailure" finished-at="2023-08-14T18:38:20 EET" duration-ms="1" status="PASS">
          <params>
            <param index="0">
              <value>
                <![CDATA[[TestResult name=successful_text_decryption_owner_with_noKey status=SUCCESS method=EncryptionToolsTest.successful_text_decryption_owner_with_noKey()[pri:3, instance:Tests.EncryptionToolsTest@51e5fc98] output={null}]]]>
              </value>
            </param>
          </params>
          <reporter-output>
          </reporter-output>
        </test-method> <!-- screenshotOnFailure -->
        <test-method signature="successful_Video_decryption_owner_with_noKey()[pri:4, instance:Tests.EncryptionToolsTest@51e5fc98]" started-at="2023-08-14T18:38:20 EET" name="successful_Video_decryption_owner_with_noKey" finished-at="2023-08-14T18:38:23 EET" depends-on-methods="Tests.EncryptionToolsTest.successful_text_decryption_owner_with_noKey" duration-ms="2803" status="PASS">
          <reporter-output>
          </reporter-output>
        </test-method> <!-- successful_Video_decryption_owner_with_noKey -->
        <test-method is-config="true" signature="screenshotOnFailure(org.testng.ITestResult)[pri:0, instance:Tests.EncryptionToolsTest@51e5fc98]" started-at="2023-08-14T18:38:23 EET" name="screenshotOnFailure" finished-at="2023-08-14T18:38:23 EET" duration-ms="0" status="PASS">
          <params>
            <param index="0">
              <value>
                <![CDATA[[TestResult name=successful_Video_decryption_owner_with_noKey status=SUCCESS method=EncryptionToolsTest.successful_Video_decryption_owner_with_noKey()[pri:4, instance:Tests.EncryptionToolsTest@51e5fc98] output={null}]]]>
              </value>
            </param>
          </params>
          <reporter-output>
          </reporter-output>
        </test-method> <!-- screenshotOnFailure -->
        <test-method signature="successful_text_decryption_recipient_with_noKey()[pri:5, instance:Tests.EncryptionToolsTest@51e5fc98]" started-at="2023-08-14T18:38:23 EET" name="successful_text_decryption_recipient_with_noKey" finished-at="2023-08-14T18:38:57 EET" depends-on-methods="Tests.EncryptionToolsTest.successful_Video_decryption_owner_with_noKey" duration-ms="34062" status="PASS">
          <reporter-output>
          </reporter-output>
        </test-method> <!-- successful_text_decryption_recipient_with_noKey -->
        <test-method is-config="true" signature="screenshotOnFailure(org.testng.ITestResult)[pri:0, instance:Tests.EncryptionToolsTest@51e5fc98]" started-at="2023-08-14T18:38:57 EET" name="screenshotOnFailure" finished-at="2023-08-14T18:38:57 EET" duration-ms="1" status="PASS">
          <params>
            <param index="0">
              <value>
                <![CDATA[[TestResult name=successful_text_decryption_recipient_with_noKey status=SUCCESS method=EncryptionToolsTest.successful_text_decryption_recipient_with_noKey()[pri:5, instance:Tests.EncryptionToolsTest@51e5fc98] output={null}]]]>
              </value>
            </param>
          </params>
          <reporter-output>
          </reporter-output>
        </test-method> <!-- screenshotOnFailure -->
        <test-method signature="successful_Video_decryption_recipient_with_noKey()[pri:6, instance:Tests.EncryptionToolsTest@51e5fc98]" started-at="2023-08-14T18:38:57 EET" name="successful_Video_decryption_recipient_with_noKey" finished-at="2023-08-14T18:38:59 EET" depends-on-methods="Tests.EncryptionToolsTest.successful_Video_decryption_owner_with_noKey" duration-ms="2035" status="PASS">
          <reporter-output>
          </reporter-output>
        </test-method> <!-- successful_Video_decryption_recipient_with_noKey -->
        <test-method is-config="true" signature="screenshotOnFailure(org.testng.ITestResult)[pri:0, instance:Tests.EncryptionToolsTest@51e5fc98]" started-at="2023-08-14T18:38:59 EET" name="screenshotOnFailure" finished-at="2023-08-14T18:38:59 EET" duration-ms="1" status="PASS">
          <params>
            <param index="0">
              <value>
                <![CDATA[[TestResult name=successful_Video_decryption_recipient_with_noKey status=SUCCESS method=EncryptionToolsTest.successful_Video_decryption_recipient_with_noKey()[pri:6, instance:Tests.EncryptionToolsTest@51e5fc98] output={null}]]]>
              </value>
            </param>
          </params>
          <reporter-output>
          </reporter-output>
        </test-method> <!-- screenshotOnFailure -->
      </class> <!-- Tests.EncryptionToolsTest -->
    </test> <!-- D:/Backward_Web_23_7 -->
  </suite> <!-- EncryptionTEST -->
</testng-results>
